<?xml version="1.0" encoding="UTF-8"?>
<!-- Generated by org.testng.reporters.JUnitXMLReporter -->
<testsuite ignored="0" hostname="DESKTOP-R9SJ9U0" failures="0" tests="4" name="Default test" time="0.354" errors="0" timestamp="2022-09-05T12:14:32 SGT">
  <testcase classname="com.juaracoding.appium.TestCalculator" name="@BeforeClass setUp" time="-1.662351271543E9">
    <failure type="org.testng.TestNGException" message="
Can inject only one of &amp;lt;ITestContext, XmlTest&amp;gt; into a @BeforeClass annotated setUp.
For more information on native dependency injection please refer to https://testng.org/doc/documentation-main.html#native-dependency-injection">
      <![CDATA[org.testng.TestNGException: 
Can inject only one of <ITestContext, XmlTest> into a @BeforeClass annotated setUp.
For more information on native dependency injection please refer to https://testng.org/doc/documentation-main.html#native-dependency-injection
at org.testng.internal.Parameters.checkParameterTypes(Parameters.java:439)
at org.testng.internal.Parameters.createParametersForMethod(Parameters.java:353)
at org.testng.internal.Parameters.createParameters(Parameters.java:708)
at org.testng.internal.Parameters.createConfigurationParameters(Parameters.java:168)
at org.testng.internal.ConfigInvoker.invokeConfigurations(ConfigInvoker.java:302)
at org.testng.internal.TestMethodWorker.invokeBeforeClassMethods(TestMethodWorker.java:176)
at org.testng.internal.TestMethodWorker.run(TestMethodWorker.java:122)
at java.base/java.util.ArrayList.forEach(ArrayList.java:1511)
at org.testng.TestRunner.privateRun(TestRunner.java:794)
at org.testng.TestRunner.run(TestRunner.java:596)
at org.testng.SuiteRunner.runTest(SuiteRunner.java:377)
at org.testng.SuiteRunner.runSequentially(SuiteRunner.java:371)
at org.testng.SuiteRunner.privateRun(SuiteRunner.java:332)
at org.testng.SuiteRunner.run(SuiteRunner.java:276)
at org.testng.SuiteRunnerWorker.runSuite(SuiteRunnerWorker.java:53)
at org.testng.SuiteRunnerWorker.run(SuiteRunnerWorker.java:96)
at org.testng.TestNG.runSuitesSequentially(TestNG.java:1212)
at org.testng.TestNG.runSuitesLocally(TestNG.java:1134)
at org.testng.TestNG.runSuites(TestNG.java:1063)
at org.testng.TestNG.run(TestNG.java:1031)
at org.testng.remote.AbstractRemoteTestNG.run(AbstractRemoteTestNG.java:115)
at org.testng.remote.RemoteTestNG.initAndRun(RemoteTestNG.java:251)
at org.testng.remote.RemoteTestNG.main(RemoteTestNG.java:77)
]]>
    </failure>
  </testcase> <!-- @BeforeClass setUp -->
  <testcase classname="com.juaracoding.appium.TestCalculator" name="@BeforeMethod pageObject" time="-1.662351271639E9">
    <skipped/>
  </testcase> <!-- @BeforeMethod pageObject -->
  <testcase classname="com.juaracoding.appium.TestCalculator" name="@BeforeMethod pageObject" time="-1.662351271679E9">
    <skipped/>
  </testcase> <!-- @BeforeMethod pageObject -->
  <testcase classname="com.juaracoding.appium.TestCalculator" name="@BeforeMethod pageObject" time="-1.662351271695E9">
    <skipped/>
  </testcase> <!-- @BeforeMethod pageObject -->
  <testcase classname="com.juaracoding.appium.TestCalculator" name="@BeforeMethod pageObject" time="-1.662351271707E9">
    <skipped/>
  </testcase> <!-- @BeforeMethod pageObject -->
  <testcase classname="com.juaracoding.appium.TestCalculator" name="@AfterClass closeApp" time="-1.662351271718E9">
    <skipped/>
  </testcase> <!-- @AfterClass closeApp -->
  <testcase classname="com.juaracoding.appium.TestCalculator" name="testAdd" time="0.0">
    <skipped/>
  </testcase> <!-- testAdd -->
  <testcase classname="com.juaracoding.appium.TestCalculator" name="testDiv" time="0.0">
    <skipped/>
  </testcase> <!-- testDiv -->
  <testcase classname="com.juaracoding.appium.TestCalculator" name="testMul" time="0.0">
    <skipped/>
  </testcase> <!-- testMul -->
  <testcase classname="com.juaracoding.appium.TestCalculator" name="testSub" time="0.0">
    <skipped/>
  </testcase> <!-- testSub -->
</testsuite> <!-- Default test -->
